<?xml version="1.0" encoding="UTF-8"?>
<testsuite xmlns:xsi="http://www.w3.org/2001/XMLSchema-instance" xsi:noNamespaceSchemaLocation="https://maven.apache.org/surefire/maven-surefire-plugin/xsd/surefire-test-report.xsd" name="ru.javawebinar.topjava.web.user.ProfileRestControllerTest" time="0.549" tests="7" errors="0" skipped="0" failures="0">
  <properties>
[...]
</properties>
  <testcase name="testUpdateInvalid" classname="ru.javawebinar.topjava.web.user.ProfileRestControllerTest" time="0.046"/>
  <testcase name="testGet" classname="ru.javawebinar.topjava.web.user.ProfileRestControllerTest" time="0.022"/>
  <testcase name="testRegister" classname="ru.javawebinar.topjava.web.user.ProfileRestControllerTest" time="0.125"/>
  <testcase name="testDelete" classname="ru.javawebinar.topjava.web.user.ProfileRestControllerTest" time="0.051"/>
  <testcase name="testGetUnAuth" classname="ru.javawebinar.topjava.web.user.ProfileRestControllerTest" time="0.014"/>
  <testcase name="testUpdate" classname="ru.javawebinar.topjava.web.user.ProfileRestControllerTest" time="0.171"/>
  <testcase name="testDuplicate" classname="ru.javawebinar.topjava.web.user.ProfileRestControllerTest" time="0.046"/>
</testsuite>